#
# A fatal error has been detected by the Java Runtime Environment:
#
#  EXCEPTION_ACCESS_VIOLATION (0xc0000005) at pc=0x00007ffca5556252, pid=6084, tid=19448
#
# JRE version: OpenJDK Runtime Environment Corretto-11.0.17.8.1 (11.0.17+8) (build 11.0.17+8-LTS)
# Java VM: OpenJDK 64-Bit Server VM Corretto-11.0.17.8.1 (11.0.17+8-LTS, mixed mode, tiered, compressed oops, g1 gc, windows-amd64)
# Problematic frame:
# C  [igxelpicd64.dll+0x286252]
#
# No core dump will be written. Minidumps are not enabled by default on client versions of Windows
#
# If you would like to submit a bug report, please visit:
#   https://github.com/corretto/corretto-11/issues/
#

---------------  S U M M A R Y ------------

Command Line: -Djava.library.path=C:\Users\Nate\IdeaProjects\JavaGames\native -javaagent:C:\Program Files\JetBrains\IntelliJ IDEA Community Edition 2022.2.1\lib\idea_rt.jar=57901:C:\Program Files\JetBrains\IntelliJ IDEA Community Edition 2022.2.1\bin -Dfile.encoding=UTF-8 at.gna.games.FlappyBird.Flappy

Host: 11th Gen Intel(R) Core(TM) i7-1165G7 @ 2.80GHz, 8 cores, 15G,  Windows 10 , 64 bit Build 19041 (10.0.19041.2251)
Time: Thu Nov 24 12:53:09 2022 Mitteleuropäische Zeit elapsed time: 19.652406 seconds (0d 0h 0m 19s)

---------------  T H R E A D  ---------------

Current thread (0x000002254702c800):  VMThread "VM Thread" [stack: 0x0000005e5bb00000,0x0000005e5bc00000] [id=19448]

Stack: [0x0000005e5bb00000,0x0000005e5bc00000],  sp=0x0000005e5bbfe0b0,  free space=1016k
Native frames: (J=compiled Java code, j=interpreted, Vv=VM code, C=native code)
C  [igxelpicd64.dll+0x286252]


siginfo: EXCEPTION_ACCESS_VIOLATION (0xc0000005), reading address 0x0000000000035bb8


Register to memory mapping:

RIP=0x00007ffca5556252 igxelpicd64.dll
RAX=0x000002254818f4f0 points into unknown readable memory: 0x0000000000033f7c | 7c 3f 03 00 00 00 00 00
RBX=0x000002254818f3e0 points into unknown readable memory: 0x0000022547f851d0 | d0 51 f8 47 25 02 00 00
RCX=0x0 is NULL
RDX=0x00000000fffffff0 is an unknown value
RSP=0x0000005e5bbfe0b0 points into unknown readable memory: 0x0000022547efe570 | 70 e5 ef 47 25 02 00 00
RBP=0x0 is NULL
RSI=0x000002254818f9c0 points into unknown readable memory: 0x00000225480c25a0 | a0 25 0c 48 25 02 00 00
RDI=0x00000225480b6960 points into unknown readable memory: 0x00000225212b0100 | 00 01 2b 21 25 02 00 00
R8 =0x0000000000000014 is an unknown value
R9 =0x0 is NULL
R10=0x0 is NULL
R11=0x0000000000000246 is an unknown value
R12=0x000002254800a300 points into unknown readable memory: 0x0000020000000000 | 00 00 00 00 00 02 00 00
R13=0x00000225480c25a0 points into unknown readable memory: 0x0000022547f851d0 | d0 51 f8 47 25 02 00 00
R14=0x0000000000033f00 is an unknown value
R15=0x0000000000000016 is an unknown value


Registers:
RAX=0x000002254818f4f0, RBX=0x000002254818f3e0, RCX=0x0000000000000000, RDX=0x00000000fffffff0
RSP=0x0000005e5bbfe0b0, RBP=0x0000000000000000, RSI=0x000002254818f9c0, RDI=0x00000225480b6960
R8 =0x0000000000000014, R9 =0x0000000000000000, R10=0x0000000000000000, R11=0x0000000000000246
R12=0x000002254800a300, R13=0x00000225480c25a0, R14=0x0000000000033f00, R15=0x0000000000000016
RIP=0x00007ffca5556252, EFLAGS=0x0000000000010206

Top of Stack: (sp=0x0000005e5bbfe0b0)
0x0000005e5bbfe0b0:   0000022547efe570 00007ffce466f070
0x0000005e5bbfe0c0:   0000022521280b78 00007ffce5c10ef4
0x0000005e5bbfe0d0:   0000000000000001 00007ffce5b8cb51
0x0000005e5bbfe0e0:   0000022521280b60 0000005e5bbfe189
0x0000005e5bbfe0f0:   000000000000000b 0000000000033f83
0x0000005e5bbfe100:   0000b802001c0000 000002254800a338
0x0000005e5bbfe110:   0000000000000000 0000000000000000
0x0000005e5bbfe120:   0000005e5bbfe230 00007ffca533e31f
0x0000005e5bbfe130:   0000022547efe570 00000225480b6960
0x0000005e5bbfe140:   0000000000000000 0000022521270000
0x0000005e5bbfe150:   0000005e00000784 0000000400000000
0x0000005e5bbfe160:   0000000000000000 0000022521271c04
0x0000005e5bbfe170:   0000005e00000002 00007ffce5b8d23b
0x0000005e5bbfe180:   00000b252bcf3cab 00000b252bcf3d7b
0x0000005e5bbfe190:   0000000000000000 0000005e5bbfe2e0
0x0000005e5bbfe1a0:   0000005e5b1ab000 0000000000000003 

Instructions: (pc=0x00007ffca5556252)
0x00007ffca5556152:   8b fa 48 8b e9 48 8b 1d 7a 61 d6 00 48 89 58 08
0x00007ffca5556162:   48 8b cb ff 15 bd b0 8d 00 90 4c 8b af e0 02 00
0x00007ffca5556172:   00 48 8b 05 66 02 c6 00 44 8b b8 d0 0b 00 00 45
0x00007ffca5556182:   33 d2 45 8a f2 4c 89 97 e0 02 00 00 44 89 97 e8
0x00007ffca5556192:   02 00 00 4c 89 97 08 03 00 00 4c 89 97 f0 02 00
0x00007ffca55561a2:   00 48 85 ed 75 38 8b 35 b2 3a d6 00 65 48 8b 04
0x00007ffca55561b2:   25 58 00 00 00 b9 14 00 00 00 48 8b 04 f0 44 38
0x00007ffca55561c2:   14 01 0f 84 e0 09 78 00 65 48 8b 04 25 58 00 00
0x00007ffca55561d2:   00 bd 20 00 00 00 48 8b 04 f0 48 8b 2c 28 48 3b
0x00007ffca55561e2:   2d 91 60 d6 00 45 0f 44 fa 4d 85 ed 0f 84 72 01
0x00007ffca55561f2:   00 00 44 8a a4 24 90 00 00 00 49 8b dd 49 8d b5
0x00007ffca5556202:   e0 05 00 00 4c 8b 2e 45 84 e4 0f 85 37 03 00 00
0x00007ffca5556212:   44 8b 8f 30 02 00 00 48 8b 05 c0 01 c6 00 83 b8
0x00007ffca5556222:   80 03 00 00 02 75 36 41 8d 51 f0 41 83 f9 10 0f
0x00007ffca5556232:   83 62 01 00 00 4a 8d 04 cd 22 00 00 00 49 03 c1
0x00007ffca5556242:   48 8d 04 c3 48 85 c0 0f 85 77 01 00 00 49 8b ca
0x00007ffca5556252:   48 3b 8d b8 5b 03 00 0f 87 58 09 78 00 48 8d 93
0x00007ffca5556262:   10 01 00 00 4c 39 93 60 06 00 00 0f 85 c3 0a 78
0x00007ffca5556272:   00 44 8b 9f 30 02 00 00 48 8b 87 48 02 00 00 4c
0x00007ffca5556282:   8b 10 44 8b 87 30 02 00 00 41 83 f8 10 0f 83 3a
0x00007ffca5556292:   01 00 00 4b 8d 0c c0 48 8d 04 ca 48 85 c0 0f 85
0x00007ffca55562a2:   5a 01 00 00 33 c9 49 3b ca 0f 86 58 01 00 00 45
0x00007ffca55562b2:   33 d2 48 8b 87 e0 02 00 00 48 89 06 48 89 9f e0
0x00007ffca55562c2:   02 00 00 ff 87 e8 02 00 00 48 8b 43 08 48 8b 88
0x00007ffca55562d2:   18 01 00 00 48 01 8f 08 03 00 00 48 8b 43 08 48
0x00007ffca55562e2:   8b 88 18 01 00 00 48 81 e1 00 00 ff ff 48 81 c1
0x00007ffca55562f2:   00 00 01 00 48 01 8f f0 02 00 00 eb 45 48 8b d3
0x00007ffca5556302:   41 8b cb e8 96 8f de ff 45 33 d2 84 c0 75 a3 44
0x00007ffca5556312:   38 53 1c 0f 84 2e 02 00 00 48 8b 87 70 03 00 00
0x00007ffca5556322:   48 03 87 08 03 00 00 48 3b 87 10 03 00 00 0f 83
0x00007ffca5556332:   2c 0a 78 00 48 8b d3 48 8b cf e8 af f0 ff ff 45
0x00007ffca5556342:   33 d2 4d 85 ed 0f 85 af fe ff ff 45 84 f6 44 8a 


Stack slot to memory mapping:
stack at sp + 0 slots: 0x0000022547efe570 points into unknown readable memory: 0xffffffffffffffff | ff ff ff ff ff ff ff ff
stack at sp + 1 slots: 0x00007ffce466f070 USER32.dll
stack at sp + 2 slots: 0x0000022521280b78 points into unknown readable memory: 0x0000005cf1c4bc4f | 4f bc c4 f1 5c 00 00 00
stack at sp + 3 slots: 0x00007ffce5c10ef4 ntdll.dll
stack at sp + 4 slots: 0x0000000000000001 is an unknown value
stack at sp + 5 slots: 0x00007ffce5b8cb51 ntdll.dll
stack at sp + 6 slots: 0x0000022521280b60 points into unknown readable memory: 0x0000008cbbf34ea2 | a2 4e f3 bb 8c 00 00 00
stack at sp + 7 slots: 0x0000005e5bbfe189 points into unknown readable memory: 3d cf 2b 25 0b 00 00

VM_Operation (0x0000005e5cfff0f0): Exit, mode: safepoint, requested by thread 0x0000022547a95800


---------------  P R O C E S S  ---------------

Threads class SMR info:
_java_thread_list=0x000002254843fce0, length=13, elements={
0x0000022522d0b000, 0x0000022547031000, 0x0000022547031800, 0x0000022547911800,
0x0000022547915000, 0x0000022547916000, 0x0000022547919800, 0x000002254791c800,
0x0000022547920000, 0x0000022546fc4000, 0x0000022547dcb800, 0x0000022548457800,
0x0000022547a95800
}

Java Threads: ( => current thread )
  0x0000022522d0b000 JavaThread "main" [_thread_blocked, id=11824, stack(0x0000005e5b500000,0x0000005e5b600000)]
  0x0000022547031000 JavaThread "Reference Handler" daemon [_thread_blocked, id=15876, stack(0x0000005e5bc00000,0x0000005e5bd00000)]
  0x0000022547031800 JavaThread "Finalizer" daemon [_thread_blocked, id=10144, stack(0x0000005e5bd00000,0x0000005e5be00000)]
  0x0000022547911800 JavaThread "Signal Dispatcher" daemon [_thread_blocked, id=14832, stack(0x0000005e5be00000,0x0000005e5bf00000)]
  0x0000022547915000 JavaThread "Attach Listener" daemon [_thread_blocked, id=18464, stack(0x0000005e5bf00000,0x0000005e5c000000)]
  0x0000022547916000 JavaThread "Service Thread" daemon [_thread_blocked, id=14528, stack(0x0000005e5c000000,0x0000005e5c100000)]
  0x0000022547919800 JavaThread "C2 CompilerThread0" daemon [_thread_blocked, id=8912, stack(0x0000005e5c100000,0x0000005e5c200000)]
  0x000002254791c800 JavaThread "C1 CompilerThread0" daemon [_thread_blocked, id=5536, stack(0x0000005e5c200000,0x0000005e5c300000)]
  0x0000022547920000 JavaThread "Sweeper thread" daemon [_thread_blocked, id=18084, stack(0x0000005e5c300000,0x0000005e5c400000)]
  0x0000022546fc4000 JavaThread "Common-Cleaner" daemon [_thread_blocked, id=6428, stack(0x0000005e5c400000,0x0000005e5c500000)]
  0x0000022547dcb800 JavaThread "Monitor Ctrl-Break" daemon [_thread_in_native, id=1700, stack(0x0000005e5c600000,0x0000005e5c700000)]
  0x0000022548457800 JavaThread "Thread-2" daemon [_thread_in_native, id=19352, stack(0x0000005e5cb00000,0x0000005e5cc00000)]
  0x0000022547a95800 JavaThread "SIGINT handler" daemon [_thread_blocked, id=18420, stack(0x0000005e5cf00000,0x0000005e5d000000)]

Other Threads:
=>0x000002254702c800 VMThread "VM Thread" [stack: 0x0000005e5bb00000,0x0000005e5bc00000] [id=19448]
  0x0000022522d22000 GCTaskThread "GC Thread#0" [stack: 0x0000005e5b600000,0x0000005e5b700000] [id=11444]
  0x0000022522d7d800 ConcurrentGCThread "G1 Main Marker" [stack: 0x0000005e5b700000,0x0000005e5b800000] [id=8684]
  0x0000022522d7f000 ConcurrentGCThread "G1 Conc#0" [stack: 0x0000005e5b800000,0x0000005e5b900000] [id=8936]
  0x0000022546ef2800 ConcurrentGCThread "G1 Refine#0" [stack: 0x0000005e5b900000,0x0000005e5ba00000] [id=5776]
  0x0000022546ef3000 ConcurrentGCThread "G1 Young RemSet Sampling" [stack: 0x0000005e5ba00000,0x0000005e5bb00000] [id=18288]

Threads with active compile tasks:
C1 CompilerThread0    19774  902       3       java.nio.ByteBuffer::arrayOffset (35 bytes)

VM state:at safepoint (shutting down)

VM Mutex/Monitor currently owned by a thread:  ([mutex/lock_event])
[0x0000022522d06730] Threads_lock - owner thread: 0x000002254702c800

Heap address: 0x0000000704600000, size: 4026 MB, Compressed Oops mode: Zero based, Oop shift amount: 3
Narrow klass base: 0x0000000800000000, Narrow klass shift: 0
Compressed class space size: 1073741824 Address: 0x0000000800000000

Heap:
 garbage-first heap   total 258048K, used 12288K [0x0000000704600000, 0x0000000800000000)
  region size 1024K, 14 young (14336K), 0 survivors (0K)
 Metaspace       used 10545K, capacity 10652K, committed 10880K, reserved 1058816K
  class space    used 849K, capacity 873K, committed 896K, reserved 1048576K
Heap Regions: E=young(eden), S=young(survivor), O=old, HS=humongous(starts), HC=humongous(continues), CS=collection set, F=free, A=archive, TAMS=top-at-mark-start (previous, next)
|   0|0x0000000704600000, 0x0000000704600000, 0x0000000704700000|  0%| F|  |TAMS 0x0000000704600000, 0x0000000704600000| Untracked 
|   1|0x0000000704700000, 0x0000000704700000, 0x0000000704800000|  0%| F|  |TAMS 0x0000000704700000, 0x0000000704700000| Untracked 
|   2|0x0000000704800000, 0x0000000704800000, 0x0000000704900000|  0%| F|  |TAMS 0x0000000704800000, 0x0000000704800000| Untracked 
|   3|0x0000000704900000, 0x0000000704900000, 0x0000000704a00000|  0%| F|  |TAMS 0x0000000704900000, 0x0000000704900000| Untracked 
|   4|0x0000000704a00000, 0x0000000704a00000, 0x0000000704b00000|  0%| F|  |TAMS 0x0000000704a00000, 0x0000000704a00000| Untracked 
|   5|0x0000000704b00000, 0x0000000704b00000, 0x0000000704c00000|  0%| F|  |TAMS 0x0000000704b00000, 0x0000000704b00000| Untracked 
|   6|0x0000000704c00000, 0x0000000704c00000, 0x0000000704d00000|  0%| F|  |TAMS 0x0000000704c00000, 0x0000000704c00000| Untracked 
|   7|0x0000000704d00000, 0x0000000704d00000, 0x0000000704e00000|  0%| F|  |TAMS 0x0000000704d00000, 0x0000000704d00000| Untracked 
|   8|0x0000000704e00000, 0x0000000704e00000, 0x0000000704f00000|  0%| F|  |TAMS 0x0000000704e00000, 0x0000000704e00000| Untracked 
|   9|0x0000000704f00000, 0x0000000704f00000, 0x0000000705000000|  0%| F|  |TAMS 0x0000000704f00000, 0x0000000704f00000| Untracked 
|  10|0x0000000705000000, 0x0000000705000000, 0x0000000705100000|  0%| F|  |TAMS 0x0000000705000000, 0x0000000705000000| Untracked 
|  11|0x0000000705100000, 0x0000000705100000, 0x0000000705200000|  0%| F|  |TAMS 0x0000000705100000, 0x0000000705100000| Untracked 
|  12|0x0000000705200000, 0x0000000705200000, 0x0000000705300000|  0%| F|  |TAMS 0x0000000705200000, 0x0000000705200000| Untracked 
|  13|0x0000000705300000, 0x0000000705300000, 0x0000000705400000|  0%| F|  |TAMS 0x0000000705300000, 0x0000000705300000| Untracked 
|  14|0x0000000705400000, 0x0000000705400000, 0x0000000705500000|  0%| F|  |TAMS 0x0000000705400000, 0x0000000705400000| Untracked 
|  15|0x0000000705500000, 0x0000000705500000, 0x0000000705600000|  0%| F|  |TAMS 0x0000000705500000, 0x0000000705500000| Untracked 
|  16|0x0000000705600000, 0x0000000705600000, 0x0000000705700000|  0%| F|  |TAMS 0x0000000705600000, 0x0000000705600000| Untracked 
|  17|0x0000000705700000, 0x0000000705700000, 0x0000000705800000|  0%| F|  |TAMS 0x0000000705700000, 0x0000000705700000| Untracked 
|  18|0x0000000705800000, 0x0000000705800000, 0x0000000705900000|  0%| F|  |TAMS 0x0000000705800000, 0x0000000705800000| Untracked 
|  19|0x0000000705900000, 0x0000000705900000, 0x0000000705a00000|  0%| F|  |TAMS 0x0000000705900000, 0x0000000705900000| Untracked 
|  20|0x0000000705a00000, 0x0000000705a00000, 0x0000000705b00000|  0%| F|  |TAMS 0x0000000705a00000, 0x0000000705a00000| Untracked 
|  21|0x0000000705b00000, 0x0000000705b00000, 0x0000000705c00000|  0%| F|  |TAMS 0x0000000705b00000, 0x0000000705b00000| Untracked 
|  22|0x0000000705c00000, 0x0000000705c00000, 0x0000000705d00000|  0%| F|  |TAMS 0x0000000705c00000, 0x0000000705c00000| Untracked 
|  23|0x0000000705d00000, 0x0000000705d00000, 0x0000000705e00000|  0%| F|  |TAMS 0x0000000705d00000, 0x0000000705d00000| Untracked 
|  24|0x0000000705e00000, 0x0000000705e00000, 0x0000000705f00000|  0%| F|  |TAMS 0x0000000705e00000, 0x0000000705e00000| Untracked 
|  25|0x0000000705f00000, 0x0000000705f00000, 0x0000000706000000|  0%| F|  |TAMS 0x0000000705f00000, 0x0000000705f00000| Untracked 
|  26|0x0000000706000000, 0x0000000706000000, 0x0000000706100000|  0%| F|  |TAMS 0x0000000706000000, 0x0000000706000000| Untracked 
|  27|0x0000000706100000, 0x0000000706100000, 0x0000000706200000|  0%| F|  |TAMS 0x0000000706100000, 0x0000000706100000| Untracked 
|  28|0x0000000706200000, 0x0000000706200000, 0x0000000706300000|  0%| F|  |TAMS 0x0000000706200000, 0x0000000706200000| Untracked 
|  29|0x0000000706300000, 0x0000000706300000, 0x0000000706400000|  0%| F|  |TAMS 0x0000000706300000, 0x0000000706300000| Untracked 
|  30|0x0000000706400000, 0x0000000706400000, 0x0000000706500000|  0%| F|  |TAMS 0x0000000706400000, 0x0000000706400000| Untracked 
|  31|0x0000000706500000, 0x0000000706500000, 0x0000000706600000|  0%| F|  |TAMS 0x0000000706500000, 0x0000000706500000| Untracked 
|  32|0x0000000706600000, 0x0000000706600000, 0x0000000706700000|  0%| F|  |TAMS 0x0000000706600000, 0x0000000706600000| Untracked 
|  33|0x0000000706700000, 0x0000000706700000, 0x0000000706800000|  0%| F|  |TAMS 0x0000000706700000, 0x0000000706700000| Untracked 
|  34|0x0000000706800000, 0x0000000706800000, 0x0000000706900000|  0%| F|  |TAMS 0x0000000706800000, 0x0000000706800000| Untracked 
|  35|0x0000000706900000, 0x0000000706900000, 0x0000000706a00000|  0%| F|  |TAMS 0x0000000706900000, 0x0000000706900000| Untracked 
|  36|0x0000000706a00000, 0x0000000706a00000, 0x0000000706b00000|  0%| F|  |TAMS 0x0000000706a00000, 0x0000000706a00000| Untracked 
|  37|0x0000000706b00000, 0x0000000706b00000, 0x0000000706c00000|  0%| F|  |TAMS 0x0000000706b00000, 0x0000000706b00000| Untracked 
|  38|0x0000000706c00000, 0x0000000706c00000, 0x0000000706d00000|  0%| F|  |TAMS 0x0000000706c00000, 0x0000000706c00000| Untracked 
|  39|0x0000000706d00000, 0x0000000706d00000, 0x0000000706e00000|  0%| F|  |TAMS 0x0000000706d00000, 0x0000000706d00000| Untracked 
|  40|0x0000000706e00000, 0x0000000706e00000, 0x0000000706f00000|  0%| F|  |TAMS 0x0000000706e00000, 0x0000000706e00000| Untracked 
|  41|0x0000000706f00000, 0x0000000706f00000, 0x0000000707000000|  0%| F|  |TAMS 0x0000000706f00000, 0x0000000706f00000| Untracked 
|  42|0x0000000707000000, 0x0000000707000000, 0x0000000707100000|  0%| F|  |TAMS 0x0000000707000000, 0x0000000707000000| Untracked 
|  43|0x0000000707100000, 0x0000000707100000, 0x0000000707200000|  0%| F|  |TAMS 0x0000000707100000, 0x0000000707100000| Untracked 
|  44|0x0000000707200000, 0x0000000707200000, 0x0000000707300000|  0%| F|  |TAMS 0x0000000707200000, 0x0000000707200000| Untracked 
|  45|0x0000000707300000, 0x0000000707300000, 0x0000000707400000|  0%| F|  |TAMS 0x0000000707300000, 0x0000000707300000| Untracked 
|  46|0x0000000707400000, 0x0000000707400000, 0x0000000707500000|  0%| F|  |TAMS 0x0000000707400000, 0x0000000707400000| Untracked 
|  47|0x0000000707500000, 0x0000000707500000, 0x0000000707600000|  0%| F|  |TAMS 0x0000000707500000, 0x0000000707500000| Untracked 
|  48|0x0000000707600000, 0x0000000707600000, 0x0000000707700000|  0%| F|  |TAMS 0x0000000707600000, 0x0000000707600000| Untracked 
|  49|0x0000000707700000, 0x0000000707700000, 0x0000000707800000|  0%| F|  |TAMS 0x0000000707700000, 0x0000000707700000| Untracked 
|  50|0x0000000707800000, 0x0000000707800000, 0x0000000707900000|  0%| F|  |TAMS 0x0000000707800000, 0x0000000707800000| Untracked 
|  51|0x0000000707900000, 0x0000000707900000, 0x0000000707a00000|  0%| F|  |TAMS 0x0000000707900000, 0x0000000707900000| Untracked 
|  52|0x0000000707a00000, 0x0000000707a00000, 0x0000000707b00000|  0%| F|  |TAMS 0x0000000707a00000, 0x0000000707a00000| Untracked 
|  53|0x0000000707b00000, 0x0000000707b00000, 0x0000000707c00000|  0%| F|  |TAMS 0x0000000707b00000, 0x0000000707b00000| Untracked 
|  54|0x0000000707c00000, 0x0000000707c00000, 0x0000000707d00000|  0%| F|  |TAMS 0x0000000707c00000, 0x0000000707c00000| Untracked 
|  55|0x0000000707d00000, 0x0000000707d00000, 0x0000000707e00000|  0%| F|  |TAMS 0x0000000707d00000, 0x0000000707d00000| Untracked 
|  56|0x0000000707e00000, 0x0000000707e00000, 0x0000000707f00000|  0%| F|  |TAMS 0x0000000707e00000, 0x0000000707e00000| Untracked 
|  57|0x0000000707f00000, 0x0000000707f00000, 0x0000000708000000|  0%| F|  |TAMS 0x0000000707f00000, 0x0000000707f00000| Untracked 
|  58|0x0000000708000000, 0x0000000708000000, 0x0000000708100000|  0%| F|  |TAMS 0x0000000708000000, 0x0000000708000000| Untracked 
|  59|0x0000000708100000, 0x0000000708100000, 0x0000000708200000|  0%| F|  |TAMS 0x0000000708100000, 0x0000000708100000| Untracked 
|  60|0x0000000708200000, 0x0000000708200000, 0x0000000708300000|  0%| F|  |TAMS 0x0000000708200000, 0x0000000708200000| Untracked 
|  61|0x0000000708300000, 0x0000000708300000, 0x0000000708400000|  0%| F|  |TAMS 0x0000000708300000, 0x0000000708300000| Untracked 
|  62|0x0000000708400000, 0x0000000708400000, 0x0000000708500000|  0%| F|  |TAMS 0x0000000708400000, 0x0000000708400000| Untracked 
|  63|0x0000000708500000, 0x0000000708500000, 0x0000000708600000|  0%| F|  |TAMS 0x0000000708500000, 0x0000000708500000| Untracked 
|  64|0x0000000708600000, 0x0000000708600000, 0x0000000708700000|  0%| F|  |TAMS 0x0000000708600000, 0x0000000708600000| Untracked 
|  65|0x0000000708700000, 0x0000000708700000, 0x0000000708800000|  0%| F|  |TAMS 0x0000000708700000, 0x0000000708700000| Untracked 
|  66|0x0000000708800000, 0x0000000708800000, 0x0000000708900000|  0%| F|  |TAMS 0x0000000708800000, 0x0000000708800000| Untracked 
|  67|0x0000000708900000, 0x0000000708900000, 0x0000000708a00000|  0%| F|  |TAMS 0x0000000708900000, 0x0000000708900000| Untracked 
|  68|0x0000000708a00000, 0x0000000708a00000, 0x0000000708b00000|  0%| F|  |TAMS 0x0000000708a00000, 0x0000000708a00000| Untracked 
|  69|0x0000000708b00000, 0x0000000708b00000, 0x0000000708c00000|  0%| F|  |TAMS 0x0000000708b00000, 0x0000000708b00000| Untracked 
|  70|0x0000000708c00000, 0x0000000708c00000, 0x0000000708d00000|  0%| F|  |TAMS 0x0000000708c00000, 0x0000000708c00000| Untracked 
|  71|0x0000000708d00000, 0x0000000708d00000, 0x0000000708e00000|  0%| F|  |TAMS 0x0000000708d00000, 0x0000000708d00000| Untracked 
|  72|0x0000000708e00000, 0x0000000708e00000, 0x0000000708f00000|  0%| F|  |TAMS 0x0000000708e00000, 0x0000000708e00000| Untracked 
|  73|0x0000000708f00000, 0x0000000708f00000, 0x0000000709000000|  0%| F|  |TAMS 0x0000000708f00000, 0x0000000708f00000| Untracked 
|  74|0x0000000709000000, 0x0000000709000000, 0x0000000709100000|  0%| F|  |TAMS 0x0000000709000000, 0x0000000709000000| Untracked 
|  75|0x0000000709100000, 0x0000000709100000, 0x0000000709200000|  0%| F|  |TAMS 0x0000000709100000, 0x0000000709100000| Untracked 
|  76|0x0000000709200000, 0x0000000709200000, 0x0000000709300000|  0%| F|  |TAMS 0x0000000709200000, 0x0000000709200000| Untracked 
|  77|0x0000000709300000, 0x0000000709300000, 0x0000000709400000|  0%| F|  |TAMS 0x0000000709300000, 0x0000000709300000| Untracked 
|  78|0x0000000709400000, 0x0000000709400000, 0x0000000709500000|  0%| F|  |TAMS 0x0000000709400000, 0x0000000709400000| Untracked 
|  79|0x0000000709500000, 0x0000000709500000, 0x0000000709600000|  0%| F|  |TAMS 0x0000000709500000, 0x0000000709500000| Untracked 
|  80|0x0000000709600000, 0x0000000709600000, 0x0000000709700000|  0%| F|  |TAMS 0x0000000709600000, 0x0000000709600000| Untracked 
|  81|0x0000000709700000, 0x0000000709700000, 0x0000000709800000|  0%| F|  |TAMS 0x0000000709700000, 0x0000000709700000| Untracked 
|  82|0x0000000709800000, 0x0000000709800000, 0x0000000709900000|  0%| F|  |TAMS 0x0000000709800000, 0x0000000709800000| Untracked 
|  83|0x0000000709900000, 0x0000000709900000, 0x0000000709a00000|  0%| F|  |TAMS 0x0000000709900000, 0x0000000709900000| Untracked 
|  84|0x0000000709a00000, 0x0000000709a00000, 0x0000000709b00000|  0%| F|  |TAMS 0x0000000709a00000, 0x0000000709a00000| Untracked 
|  85|0x0000000709b00000, 0x0000000709b00000, 0x0000000709c00000|  0%| F|  |TAMS 0x0000000709b00000, 0x0000000709b00000| Untracked 
|  86|0x0000000709c00000, 0x0000000709c00000, 0x0000000709d00000|  0%| F|  |TAMS 0x0000000709c00000, 0x0000000709c00000| Untracked 
|  87|0x0000000709d00000, 0x0000000709d00000, 0x0000000709e00000|  0%| F|  |TAMS 0x0000000709d00000, 0x0000000709d00000| Untracked 
|  88|0x0000000709e00000, 0x0000000709e00000, 0x0000000709f00000|  0%| F|  |TAMS 0x0000000709e00000, 0x0000000709e00000| Untracked 
|  89|0x0000000709f00000, 0x0000000709f00000, 0x000000070a000000|  0%| F|  |TAMS 0x0000000709f00000, 0x0000000709f00000| Untracked 
|  90|0x000000070a000000, 0x000000070a000000, 0x000000070a100000|  0%| F|  |TAMS 0x000000070a000000, 0x000000070a000000| Untracked 
|  91|0x000000070a100000, 0x000000070a100000, 0x000000070a200000|  0%| F|  |TAMS 0x000000070a100000, 0x000000070a100000| Untracked 
|  92|0x000000070a200000, 0x000000070a200000, 0x000000070a300000|  0%| F|  |TAMS 0x000000070a200000, 0x000000070a200000| Untracked 
|  93|0x000000070a300000, 0x000000070a300000, 0x000000070a400000|  0%| F|  |TAMS 0x000000070a300000, 0x000000070a300000| Untracked 
|  94|0x000000070a400000, 0x000000070a400000, 0x000000070a500000|  0%| F|  |TAMS 0x000000070a400000, 0x000000070a400000| Untracked 
|  95|0x000000070a500000, 0x000000070a500000, 0x000000070a600000|  0%| F|  |TAMS 0x000000070a500000, 0x000000070a500000| Untracked 
|  96|0x000000070a600000, 0x000000070a600000, 0x000000070a700000|  0%| F|  |TAMS 0x000000070a600000, 0x000000070a600000| Untracked 
|  97|0x000000070a700000, 0x000000070a700000, 0x000000070a800000|  0%| F|  |TAMS 0x000000070a700000, 0x000000070a700000| Untracked 
|  98|0x000000070a800000, 0x000000070a800000, 0x000000070a900000|  0%| F|  |TAMS 0x000000070a800000, 0x000000070a800000| Untracked 
|  99|0x000000070a900000, 0x000000070a900000, 0x000000070aa00000|  0%| F|  |TAMS 0x000000070a900000, 0x000000070a900000| Untracked 
| 100|0x000000070aa00000, 0x000000070aa00000, 0x000000070ab00000|  0%| F|  |TAMS 0x000000070aa00000, 0x000000070aa00000| Untracked 
| 101|0x000000070ab00000, 0x000000070ab00000, 0x000000070ac00000|  0%| F|  |TAMS 0x000000070ab00000, 0x000000070ab00000| Untracked 
| 102|0x000000070ac00000, 0x000000070ac00000, 0x000000070ad00000|  0%| F|  |TAMS 0x000000070ac00000, 0x000000070ac00000| Untracked 
| 103|0x000000070ad00000, 0x000000070ad00000, 0x000000070ae00000|  0%| F|  |TAMS 0x000000070ad00000, 0x000000070ad00000| Untracked 
| 104|0x000000070ae00000, 0x000000070ae00000, 0x000000070af00000|  0%| F|  |TAMS 0x000000070ae00000, 0x000000070ae00000| Untracked 
| 105|0x000000070af00000, 0x000000070af00000, 0x000000070b000000|  0%| F|  |TAMS 0x000000070af00000, 0x000000070af00000| Untracked 
| 106|0x000000070b000000, 0x000000070b000000, 0x000000070b100000|  0%| F|  |TAMS 0x000000070b000000, 0x000000070b000000| Untracked 
| 107|0x000000070b100000, 0x000000070b100000, 0x000000070b200000|  0%| F|  |TAMS 0x000000070b100000, 0x000000070b100000| Untracked 
| 108|0x000000070b200000, 0x000000070b200000, 0x000000070b300000|  0%| F|  |TAMS 0x000000070b200000, 0x000000070b200000| Untracked 
| 109|0x000000070b300000, 0x000000070b300000, 0x000000070b400000|  0%| F|  |TAMS 0x000000070b300000, 0x000000070b300000| Untracked 
| 110|0x000000070b400000, 0x000000070b400000, 0x000000070b500000|  0%| F|  |TAMS 0x000000070b400000, 0x000000070b400000| Untracked 
| 111|0x000000070b500000, 0x000000070b500000, 0x000000070b600000|  0%| F|  |TAMS 0x000000070b500000, 0x000000070b500000| Untracked 
| 112|0x000000070b600000, 0x000000070b600000, 0x000000070b700000|  0%| F|  |TAMS 0x000000070b600000, 0x000000070b600000| Untracked 
| 113|0x000000070b700000, 0x000000070b700000, 0x000000070b800000|  0%| F|  |TAMS 0x000000070b700000, 0x000000070b700000| Untracked 
| 114|0x000000070b800000, 0x000000070b800000, 0x000000070b900000|  0%| F|  |TAMS 0x000000070b800000, 0x000000070b800000| Untracked 
| 115|0x000000070b900000, 0x000000070b900000, 0x000000070ba00000|  0%| F|  |TAMS 0x000000070b900000, 0x000000070b900000| Untracked 
| 116|0x000000070ba00000, 0x000000070ba00000, 0x000000070bb00000|  0%| F|  |TAMS 0x000000070ba00000, 0x000000070ba00000| Untracked 
| 117|0x000000070bb00000, 0x000000070bb00000, 0x000000070bc00000|  0%| F|  |TAMS 0x000000070bb00000, 0x000000070bb00000| Untracked 
| 118|0x000000070bc00000, 0x000000070bc00000, 0x000000070bd00000|  0%| F|  |TAMS 0x000000070bc00000, 0x000000070bc00000| Untracked 
| 119|0x000000070bd00000, 0x000000070bd00000, 0x000000070be00000|  0%| F|  |TAMS 0x000000070bd00000, 0x000000070bd00000| Untracked 
| 120|0x000000070be00000, 0x000000070be00000, 0x000000070bf00000|  0%| F|  |TAMS 0x000000070be00000, 0x000000070be00000| Untracked 
| 121|0x000000070bf00000, 0x000000070bf00000, 0x000000070c000000|  0%| F|  |TAMS 0x000000070bf00000, 0x000000070bf00000| Untracked 
| 122|0x000000070c000000, 0x000000070c000000, 0x000000070c100000|  0%| F|  |TAMS 0x000000070c000000, 0x000000070c000000| Untracked 
| 123|0x000000070c100000, 0x000000070c100000, 0x000000070c200000|  0%| F|  |TAMS 0x000000070c100000, 0x000000070c100000| Untracked 
| 124|0x000000070c200000, 0x000000070c200000, 0x000000070c300000|  0%| F|  |TAMS 0x000000070c200000, 0x000000070c200000| Untracked 
| 125|0x000000070c300000, 0x000000070c300000, 0x000000070c400000|  0%| F|  |TAMS 0x000000070c300000, 0x000000070c300000| Untracked 
| 126|0x000000070c400000, 0x000000070c400000, 0x000000070c500000|  0%| F|  |TAMS 0x000000070c400000, 0x000000070c400000| Untracked 
| 127|0x000000070c500000, 0x000000070c500000, 0x000000070c600000|  0%| F|  |TAMS 0x000000070c500000, 0x000000070c500000| Untracked 
| 128|0x000000070c600000, 0x000000070c600000, 0x000000070c700000|  0%| F|  |TAMS 0x000000070c600000, 0x000000070c600000| Untracked 
| 129|0x000000070c700000, 0x000000070c700000, 0x000000070c800000|  0%| F|  |TAMS 0x000000070c700000, 0x000000070c700000| Untracked 
| 130|0x000000070c800000, 0x000000070c800000, 0x000000070c900000|  0%| F|  |TAMS 0x000000070c800000, 0x000000070c800000| Untracked 
| 131|0x000000070c900000, 0x000000070c900000, 0x000000070ca00000|  0%| F|  |TAMS 0x000000070c900000, 0x000000070c900000| Untracked 
| 132|0x000000070ca00000, 0x000000070ca00000, 0x000000070cb00000|  0%| F|  |TAMS 0x000000070ca00000, 0x000000070ca00000| Untracked 
| 133|0x000000070cb00000, 0x000000070cb00000, 0x000000070cc00000|  0%| F|  |TAMS 0x000000070cb00000, 0x000000070cb00000| Untracked 
| 134|0x000000070cc00000, 0x000000070cc00000, 0x000000070cd00000|  0%| F|  |TAMS 0x000000070cc00000, 0x000000070cc00000| Untracked 
| 135|0x000000070cd00000, 0x000000070cd00000, 0x000000070ce00000|  0%| F|  |TAMS 0x000000070cd00000, 0x000000070cd00000| Untracked 
| 136|0x000000070ce00000, 0x000000070ce00000, 0x000000070cf00000|  0%| F|  |TAMS 0x000000070ce00000, 0x000000070ce00000| Untracked 
| 137|0x000000070cf00000, 0x000000070cf00000, 0x000000070d000000|  0%| F|  |TAMS 0x000000070cf00000, 0x000000070cf00000| Untracked 
| 138|0x000000070d000000, 0x000000070d000000, 0x000000070d100000|  0%| F|  |TAMS 0x000000070d000000, 0x000000070d000000| Untracked 
| 139|0x000000070d100000, 0x000000070d100000, 0x000000070d200000|  0%| F|  |TAMS 0x000000070d100000, 0x000000070d100000| Untracked 
| 140|0x000000070d200000, 0x000000070d200000, 0x000000070d300000|  0%| F|  |TAMS 0x000000070d200000, 0x000000070d200000| Untracked 
| 141|0x000000070d300000, 0x000000070d300000, 0x000000070d400000|  0%| F|  |TAMS 0x000000070d300000, 0x000000070d300000| Untracked 
| 142|0x000000070d400000, 0x000000070d400000, 0x000000070d500000|  0%| F|  |TAMS 0x000000070d400000, 0x000000070d400000| Untracked 
| 143|0x000000070d500000, 0x000000070d500000, 0x000000070d600000|  0%| F|  |TAMS 0x000000070d500000, 0x000000070d500000| Untracked 
| 144|0x000000070d600000, 0x000000070d600000, 0x000000070d700000|  0%| F|  |TAMS 0x000000070d600000, 0x000000070d600000| Untracked 
| 145|0x000000070d700000, 0x000000070d700000, 0x000000070d800000|  0%| F|  |TAMS 0x000000070d700000, 0x000000070d700000| Untracked 
| 146|0x000000070d800000, 0x000000070d800000, 0x000000070d900000|  0%| F|  |TAMS 0x000000070d800000, 0x000000070d800000| Untracked 
| 147|0x000000070d900000, 0x000000070d900000, 0x000000070da00000|  0%| F|  |TAMS 0x000000070d900000, 0x000000070d900000| Untracked 
| 148|0x000000070da00000, 0x000000070da00000, 0x000000070db00000|  0%| F|  |TAMS 0x000000070da00000, 0x000000070da00000| Untracked 
| 149|0x000000070db00000, 0x000000070db00000, 0x000000070dc00000|  0%| F|  |TAMS 0x000000070db00000, 0x000000070db00000| Untracked 
| 150|0x000000070dc00000, 0x000000070dc00000, 0x000000070dd00000|  0%| F|  |TAMS 0x000000070dc00000, 0x000000070dc00000| Untracked 
| 151|0x000000070dd00000, 0x000000070dd00000, 0x000000070de00000|  0%| F|  |TAMS 0x000000070dd00000, 0x000000070dd00000| Untracked 
| 152|0x000000070de00000, 0x000000070de00000, 0x000000070df00000|  0%| F|  |TAMS 0x000000070de00000, 0x000000070de00000| Untracked 
| 153|0x000000070df00000, 0x000000070df00000, 0x000000070e000000|  0%| F|  |TAMS 0x000000070df00000, 0x000000070df00000| Untracked 
| 154|0x000000070e000000, 0x000000070e000000, 0x000000070e100000|  0%| F|  |TAMS 0x000000070e000000, 0x000000070e000000| Untracked 
| 155|0x000000070e100000, 0x000000070e100000, 0x000000070e200000|  0%| F|  |TAMS 0x000000070e100000, 0x000000070e100000| Untracked 
| 156|0x000000070e200000, 0x000000070e200000, 0x000000070e300000|  0%| F|  |TAMS 0x000000070e200000, 0x000000070e200000| Untracked 
| 157|0x000000070e300000, 0x000000070e300000, 0x000000070e400000|  0%| F|  |TAMS 0x000000070e300000, 0x000000070e300000| Untracked 
| 158|0x000000070e400000, 0x000000070e400000, 0x000000070e500000|  0%| F|  |TAMS 0x000000070e400000, 0x000000070e400000| Untracked 
| 159|0x000000070e500000, 0x000000070e500000, 0x000000070e600000|  0%| F|  |TAMS 0x000000070e500000, 0x000000070e500000| Untracked 
| 160|0x000000070e600000, 0x000000070e600000, 0x000000070e700000|  0%| F|  |TAMS 0x000000070e600000, 0x000000070e600000| Untracked 
| 161|0x000000070e700000, 0x000000070e700000, 0x000000070e800000|  0%| F|  |TAMS 0x000000070e700000, 0x000000070e700000| Untracked 
| 162|0x000000070e800000, 0x000000070e800000, 0x000000070e900000|  0%| F|  |TAMS 0x000000070e800000, 0x000000070e800000| Untracked 
| 163|0x000000070e900000, 0x000000070e900000, 0x000000070ea00000|  0%| F|  |TAMS 0x000000070e900000, 0x000000070e900000| Untracked 
| 164|0x000000070ea00000, 0x000000070ea00000, 0x000000070eb00000|  0%| F|  |TAMS 0x000000070ea00000, 0x000000070ea00000| Untracked 
| 165|0x000000070eb00000, 0x000000070eb00000, 0x000000070ec00000|  0%| F|  |TAMS 0x000000070eb00000, 0x000000070eb00000| Untracked 
| 166|0x000000070ec00000, 0x000000070ec00000, 0x000000070ed00000|  0%| F|  |TAMS 0x000000070ec00000, 0x000000070ec00000| Untracked 
| 167|0x000000070ed00000, 0x000000070ed00000, 0x000000070ee00000|  0%| F|  |TAMS 0x000000070ed00000, 0x000000070ed00000| Untracked 
| 168|0x000000070ee00000, 0x000000070ee00000, 0x000000070ef00000|  0%| F|  |TAMS 0x000000070ee00000, 0x000000070ee00000| Untracked 
| 169|0x000000070ef00000, 0x000000070ef00000, 0x000000070f000000|  0%| F|  |TAMS 0x000000070ef00000, 0x000000070ef00000| Untracked 
| 170|0x000000070f000000, 0x000000070f000000, 0x000000070f100000|  0%| F|  |TAMS 0x000000070f000000, 0x000000070f000000| Untracked 
| 171|0x000000070f100000, 0x000000070f100000, 0x000000070f200000|  0%| F|  |TAMS 0x000000070f100000, 0x000000070f100000| Untracked 
| 172|0x000000070f200000, 0x000000070f200000, 0x000000070f300000|  0%| F|  |TAMS 0x000000070f200000, 0x000000070f200000| Untracked 
| 173|0x000000070f300000, 0x000000070f300000, 0x000000070f400000|  0%| F|  |TAMS 0x000000070f300000, 0x000000070f300000| Untracked 
| 174|0x000000070f400000, 0x000000070f400000, 0x000000070f500000|  0%| F|  |TAMS 0x000000070f400000, 0x000000070f400000| Untracked 
| 175|0x000000070f500000, 0x000000070f500000, 0x000000070f600000|  0%| F|  |TAMS 0x000000070f500000, 0x000000070f500000| Untracked 
| 176|0x000000070f600000, 0x000000070f600000, 0x000000070f700000|  0%| F|  |TAMS 0x000000070f600000, 0x000000070f600000| Untracked 
| 177|0x000000070f700000, 0x000000070f700000, 0x000000070f800000|  0%| F|  |TAMS 0x000000070f700000, 0x000000070f700000| Untracked 
| 178|0x000000070f800000, 0x000000070f800000, 0x000000070f900000|  0%| F|  |TAMS 0x000000070f800000, 0x000000070f800000| Untracked 
| 179|0x000000070f900000, 0x000000070f900000, 0x000000070fa00000|  0%| F|  |TAMS 0x000000070f900000, 0x000000070f900000| Untracked 
| 180|0x000000070fa00000, 0x000000070fa00000, 0x000000070fb00000|  0%| F|  |TAMS 0x000000070fa00000, 0x000000070fa00000| Untracked 
| 181|0x000000070fb00000, 0x000000070fb00000, 0x000000070fc00000|  0%| F|  |TAMS 0x000000070fb00000, 0x000000070fb00000| Untracked 
| 182|0x000000070fc00000, 0x000000070fc00000, 0x000000070fd00000|  0%| F|  |TAMS 0x000000070fc00000, 0x000000070fc00000| Untracked 
| 183|0x000000070fd00000, 0x000000070fd00000, 0x000000070fe00000|  0%| F|  |TAMS 0x000000070fd00000, 0x000000070fd00000| Untracked 
| 184|0x000000070fe00000, 0x000000070fe00000, 0x000000070ff00000|  0%| F|  |TAMS 0x000000070fe00000, 0x000000070fe00000| Untracked 
| 185|0x000000070ff00000, 0x000000070ff00000, 0x0000000710000000|  0%| F|  |TAMS 0x000000070ff00000, 0x000000070ff00000| Untracked 
| 186|0x0000000710000000, 0x0000000710000000, 0x0000000710100000|  0%| F|  |TAMS 0x0000000710000000, 0x0000000710000000| Untracked 
| 187|0x0000000710100000, 0x0000000710100000, 0x0000000710200000|  0%| F|  |TAMS 0x0000000710100000, 0x0000000710100000| Untracked 
| 188|0x0000000710200000, 0x0000000710200000, 0x0000000710300000|  0%| F|  |TAMS 0x0000000710200000, 0x0000000710200000| Untracked 
| 189|0x0000000710300000, 0x0000000710300000, 0x0000000710400000|  0%| F|  |TAMS 0x0000000710300000, 0x0000000710300000| Untracked 
| 190|0x0000000710400000, 0x0000000710400000, 0x0000000710500000|  0%| F|  |TAMS 0x0000000710400000, 0x0000000710400000| Untracked 
| 191|0x0000000710500000, 0x0000000710500000, 0x0000000710600000|  0%| F|  |TAMS 0x0000000710500000, 0x0000000710500000| Untracked 
| 192|0x0000000710600000, 0x0000000710600000, 0x0000000710700000|  0%| F|  |TAMS 0x0000000710600000, 0x0000000710600000| Untracked 
| 193|0x0000000710700000, 0x0000000710700000, 0x0000000710800000|  0%| F|  |TAMS 0x0000000710700000, 0x0000000710700000| Untracked 
| 194|0x0000000710800000, 0x0000000710800000, 0x0000000710900000|  0%| F|  |TAMS 0x0000000710800000, 0x0000000710800000| Untracked 
| 195|0x0000000710900000, 0x0000000710900000, 0x0000000710a00000|  0%| F|  |TAMS 0x0000000710900000, 0x0000000710900000| Untracked 
| 196|0x0000000710a00000, 0x0000000710a00000, 0x0000000710b00000|  0%| F|  |TAMS 0x0000000710a00000, 0x0000000710a00000| Untracked 
| 197|0x0000000710b00000, 0x0000000710b00000, 0x0000000710c00000|  0%| F|  |TAMS 0x0000000710b00000, 0x0000000710b00000| Untracked 
| 198|0x0000000710c00000, 0x0000000710c00000, 0x0000000710d00000|  0%| F|  |TAMS 0x0000000710c00000, 0x0000000710c00000| Untracked 
| 199|0x0000000710d00000, 0x0000000710d00000, 0x0000000710e00000|  0%| F|  |TAMS 0x0000000710d00000, 0x0000000710d00000| Untracked 
| 200|0x0000000710e00000, 0x0000000710e00000, 0x0000000710f00000|  0%| F|  |TAMS 0x0000000710e00000, 0x0000000710e00000| Untracked 
| 201|0x0000000710f00000, 0x0000000710f00000, 0x0000000711000000|  0%| F|  |TAMS 0x0000000710f00000, 0x0000000710f00000| Untracked 
| 202|0x0000000711000000, 0x0000000711000000, 0x0000000711100000|  0%| F|  |TAMS 0x0000000711000000, 0x0000000711000000| Untracked 
| 203|0x0000000711100000, 0x0000000711100000, 0x0000000711200000|  0%| F|  |TAMS 0x0000000711100000, 0x0000000711100000| Untracked 
| 204|0x0000000711200000, 0x0000000711200000, 0x0000000711300000|  0%| F|  |TAMS 0x0000000711200000, 0x0000000711200000| Untracked 
| 205|0x0000000711300000, 0x0000000711300000, 0x0000000711400000|  0%| F|  |TAMS 0x0000000711300000, 0x0000000711300000| Untracked 
| 206|0x0000000711400000, 0x0000000711400000, 0x0000000711500000|  0%| F|  |TAMS 0x0000000711400000, 0x0000000711400000| Untracked 
| 207|0x0000000711500000, 0x0000000711500000, 0x0000000711600000|  0%| F|  |TAMS 0x0000000711500000, 0x0000000711500000| Untracked 
| 208|0x0000000711600000, 0x0000000711600000, 0x0000000711700000|  0%| F|  |TAMS 0x0000000711600000, 0x0000000711600000| Untracked 
| 209|0x0000000711700000, 0x0000000711700000, 0x0000000711800000|  0%| F|  |TAMS 0x0000000711700000, 0x0000000711700000| Untracked 
| 210|0x0000000711800000, 0x0000000711800000, 0x0000000711900000|  0%| F|  |TAMS 0x0000000711800000, 0x0000000711800000| Untracked 
| 211|0x0000000711900000, 0x0000000711900000, 0x0000000711a00000|  0%| F|  |TAMS 0x0000000711900000, 0x0000000711900000| Untracked 
| 212|0x0000000711a00000, 0x0000000711a00000, 0x0000000711b00000|  0%| F|  |TAMS 0x0000000711a00000, 0x0000000711a00000| Untracked 
| 213|0x0000000711b00000, 0x0000000711b00000, 0x0000000711c00000|  0%| F|  |TAMS 0x0000000711b00000, 0x0000000711b00000| Untracked 
| 214|0x0000000711c00000, 0x0000000711c00000, 0x0000000711d00000|  0%| F|  |TAMS 0x0000000711c00000, 0x0000000711c00000| Untracked 
| 215|0x0000000711d00000, 0x0000000711d00000, 0x0000000711e00000|  0%| F|  |TAMS 0x0000000711d00000, 0x0000000711d00000| Untracked 
| 216|0x0000000711e00000, 0x0000000711e00000, 0x0000000711f00000|  0%| F|  |TAMS 0x0000000711e00000, 0x0000000711e00000| Untracked 
| 217|0x0000000711f00000, 0x0000000711f00000, 0x0000000712000000|  0%| F|  |TAMS 0x0000000711f00000, 0x0000000711f00000| Untracked 
| 218|0x0000000712000000, 0x0000000712000000, 0x0000000712100000|  0%| F|  |TAMS 0x0000000712000000, 0x0000000712000000| Untracked 
| 219|0x0000000712100000, 0x0000000712100000, 0x0000000712200000|  0%| F|  |TAMS 0x0000000712100000, 0x0000000712100000| Untracked 
| 220|0x0000000712200000, 0x0000000712200000, 0x0000000712300000|  0%| F|  |TAMS 0x0000000712200000, 0x0000000712200000| Untracked 
| 221|0x0000000712300000, 0x0000000712300000, 0x0000000712400000|  0%| F|  |TAMS 0x0000000712300000, 0x0000000712300000| Untracked 
| 222|0x0000000712400000, 0x0000000712400000, 0x0000000712500000|  0%| F|  |TAMS 0x0000000712400000, 0x0000000712400000| Untracked 
| 223|0x0000000712500000, 0x0000000712500000, 0x0000000712600000|  0%| F|  |TAMS 0x0000000712500000, 0x0000000712500000| Untracked 
| 224|0x0000000712600000, 0x0000000712600000, 0x0000000712700000|  0%| F|  |TAMS 0x0000000712600000, 0x0000000712600000| Untracked 
| 225|0x0000000712700000, 0x0000000712700000, 0x0000000712800000|  0%| F|  |TAMS 0x0000000712700000, 0x0000000712700000| Untracked 
| 226|0x0000000712800000, 0x0000000712800000, 0x0000000712900000|  0%| F|  |TAMS 0x0000000712800000, 0x0000000712800000| Untracked 
| 227|0x0000000712900000, 0x0000000712900000, 0x0000000712a00000|  0%| F|  |TAMS 0x0000000712900000, 0x0000000712900000| Untracked 
| 228|0x0000000712a00000, 0x0000000712a00000, 0x0000000712b00000|  0%| F|  |TAMS 0x0000000712a00000, 0x0000000712a00000| Untracked 
| 229|0x0000000712b00000, 0x0000000712b00000, 0x0000000712c00000|  0%| F|  |TAMS 0x0000000712b00000, 0x0000000712b00000| Untracked 
| 230|0x0000000712c00000, 0x0000000712c00000, 0x0000000712d00000|  0%| F|  |TAMS 0x0000000712c00000, 0x0000000712c00000| Untracked 
| 231|0x0000000712d00000, 0x0000000712d00000, 0x0000000712e00000|  0%| F|  |TAMS 0x0000000712d00000, 0x0000000712d00000| Untracked 
| 232|0x0000000712e00000, 0x0000000712e00000, 0x0000000712f00000|  0%| F|  |TAMS 0x0000000712e00000, 0x0000000712e00000| Untracked 
| 233|0x0000000712f00000, 0x0000000712f00000, 0x0000000713000000|  0%| F|  |TAMS 0x0000000712f00000, 0x0000000712f00000| Untracked 
| 234|0x0000000713000000, 0x0000000713000000, 0x0000000713100000|  0%| F|  |TAMS 0x0000000713000000, 0x0000000713000000| Untracked 
| 235|0x0000000713100000, 0x0000000713100000, 0x0000000713200000|  0%| F|  |TAMS 0x0000000713100000, 0x0000000713100000| Untracked 
| 236|0x0000000713200000, 0x0000000713200000, 0x0000000713300000|  0%| F|  |TAMS 0x0000000713200000, 0x0000000713200000| Untracked 
| 237|0x0000000713300000, 0x0000000713300000, 0x0000000713400000|  0%| F|  |TAMS 0x0000000713300000, 0x0000000713300000| Untracked 
| 238|0x0000000713400000, 0x00000007134f6450, 0x0000000713500000| 96%| E|  |TAMS 0x0000000713400000, 0x0000000713400000| Complete 
| 239|0x0000000713500000, 0x0000000713600000, 0x0000000713600000|100%| E|CS|TAMS 0x0000000713500000, 0x0000000713500000| Complete 
| 240|0x0000000713600000, 0x0000000713700000, 0x0000000713700000|100%| E|CS|TAMS 0x0000000713600000, 0x0000000713600000| Complete 
| 241|0x0000000713700000, 0x0000000713800000, 0x0000000713800000|100%| E|CS|TAMS 0x0000000713700000, 0x0000000713700000| Complete 
| 242|0x0000000713800000, 0x0000000713900000, 0x0000000713900000|100%| E|CS|TAMS 0x0000000713800000, 0x0000000713800000| Complete 
| 243|0x0000000713900000, 0x0000000713a00000, 0x0000000713a00000|100%| E|CS|TAMS 0x0000000713900000, 0x0000000713900000| Complete 
| 244|0x0000000713a00000, 0x0000000713b00000, 0x0000000713b00000|100%| E|CS|TAMS 0x0000000713a00000, 0x0000000713a00000| Complete 
| 245|0x0000000713b00000, 0x0000000713c00000, 0x0000000713c00000|100%| E|CS|TAMS 0x0000000713b00000, 0x0000000713b00000| Complete 
| 246|0x0000000713c00000, 0x0000000713d00000, 0x0000000713d00000|100%| E|CS|TAMS 0x0000000713c00000, 0x0000000713c00000| Complete 
| 247|0x0000000713d00000, 0x0000000713e00000, 0x0000000713e00000|100%| E|  |TAMS 0x0000000713d00000, 0x0000000713d00000| Complete 
| 248|0x0000000713e00000, 0x0000000713f00000, 0x0000000713f00000|100%| E|CS|TAMS 0x0000000713e00000, 0x0000000713e00000| Complete 
| 249|0x0000000713f00000, 0x0000000714000000, 0x0000000714000000|100%| E|CS|TAMS 0x0000000713f00000, 0x0000000713f00000| Complete 
| 250|0x0000000714000000, 0x0000000714100000, 0x0000000714100000|100%| E|CS|TAMS 0x0000000714000000, 0x0000000714000000| Complete 
| 251|0x0000000714100000, 0x0000000714200000, 0x0000000714200000|100%| E|CS|TAMS 0x0000000714100000, 0x0000000714100000| Complete 

Card table byte_map: [0x000002253b700000,0x000002253bee0000] _byte_map_base: 0x0000022537edd000

Marking Bits (Prev, Next): (CMBitMap*) 0x0000022522d6cf88, (CMBitMap*) 0x0000022522d6cfc0
 Prev Bits: [0x000002253c6c0000, 0x00000225405a8000)
 Next Bits: [0x00000225405b0000, 0x0000022544498000)

Polling page: 0x000002252b490000

Metaspace:

Usage:
  Non-class:      9.55 MB capacity,     9.47 MB (>99%) used,    74.07 KB ( <1%) free+waste,     8.44 KB ( <1%) overhead. 
      Class:    873.00 KB capacity,   849.09 KB ( 97%) used,    20.98 KB (  2%) free+waste,     2.94 KB ( <1%) overhead. 
       Both:     10.40 MB capacity,    10.30 MB (>99%) used,    95.05 KB ( <1%) free+waste,    11.38 KB ( <1%) overhead. 

Virtual space:
  Non-class space:       10.00 MB reserved,       9.75 MB ( 98%) committed 
      Class space:        1.00 GB reserved,     896.00 KB ( <1%) committed 
             Both:        1.01 GB reserved,      10.63 MB (  1%) committed 

Chunk freelists:
   Non-Class:  77.00 KB
       Class:  23.00 KB
        Both:  100.00 KB

MaxMetaspaceSize: 17179869184.00 GB
CompressedClassSpaceSize: 1.00 GB
Initial GC threshold: 20.80 MB
Current GC threshold: 20.80 MB
CDS: off

CodeHeap 'non-profiled nmethods': size=120000Kb used=381Kb max_used=381Kb free=119618Kb
 bounds [0x0000022532f80000, 0x00000225331f0000, 0x000002253a4b0000]
CodeHeap 'profiled nmethods': size=120000Kb used=1677Kb max_used=1677Kb free=118322Kb
 bounds [0x000002252ba50000, 0x000002252bcc0000, 0x0000022532f80000]
CodeHeap 'non-nmethods': size=5760Kb used=1229Kb max_used=1251Kb free=4530Kb
 bounds [0x000002252b4b0000, 0x000002252b720000, 0x000002252ba50000]
 total_blobs=1398 nmethods=902 adapters=409
 compilation: enabled
              stopped_count=0, restarted_count=0
 full_count=0

Compilation events (20 events):
Event: 6.179 Thread 0x0000022547919800 nmethod 890 0x0000022532fcd690 code [0x0000022532fcd9a0, 0x0000022532fd0458]
Event: 6.180 Thread 0x0000022547919800  891   !   4       org.lwjgl.opengl.Display::update (154 bytes)
Event: 6.477 Thread 0x0000022547919800 nmethod 891 0x0000022532fd1490 code [0x0000022532fd1820, 0x0000022532fd3e60]
Event: 7.291 Thread 0x0000022547919800  892   !   4       org.newdawn.slick.AppGameContainer::gameLoop (81 bytes)
Event: 7.317 Thread 0x0000022547919800 nmethod 892 0x0000022532fd5b10 code [0x0000022532fd5d20, 0x0000022532fd63d0]
Event: 7.317 Thread 0x0000022547919800  893   !   4       org.lwjgl.opengl.Display::isVisible (38 bytes)
Event: 7.323 Thread 0x0000022547919800 nmethod 893 0x0000022532fd6710 code [0x0000022532fd68c0, 0x0000022532fd6b38]
Event: 7.324 Thread 0x0000022547919800  894   !   4       org.newdawn.slick.GameContainer::updateAndRender (406 bytes)
Event: 8.066 Thread 0x0000022547919800 nmethod 894 0x0000022532fd6c10 code [0x0000022532fd7300, 0x0000022532fdb7c0]
Event: 8.067 Thread 0x0000022547919800  895       4       org.newdawn.slick.Music::poll (54 bytes)
Event: 8.069 Thread 0x0000022547919800 nmethod 895 0x0000022532fde890 code [0x0000022532fdea20, 0x0000022532fdea98]
Event: 8.475 Thread 0x000002254791c800  896       3       org.newdawn.slick.opengl.renderer.ImmediateModeOGLRenderer::glTexCoord2f (6 bytes)
Event: 8.478 Thread 0x000002254791c800 nmethod 896 0x000002252bbefe90 code [0x000002252bbf00c0, 0x000002252bbf0878]
Event: 8.478 Thread 0x000002254791c800  897       3       org.lwjgl.opengl.GL11::glTexCoord2f (20 bytes)
Event: 8.481 Thread 0x000002254791c800 nmethod 897 0x000002252bbf0b90 code [0x000002252bbf0dc0, 0x000002252bbf14f8]
Event: 12.480 Thread 0x000002254791c800  899       3       org.newdawn.slick.opengl.renderer.ImmediateModeOGLRenderer::glVertex3f (7 bytes)
Event: 12.483 Thread 0x000002254791c800 nmethod 899 0x000002252bbf1790 code [0x000002252bbf19c0, 0x000002252bbf2198]
Event: 12.483 Thread 0x000002254791c800  900       3       org.lwjgl.opengl.GL11::glVertex3f (24 bytes)
Event: 12.485 Thread 0x000002254791c800 nmethod 900 0x000002252bbf2490 code [0x000002252bbf26c0, 0x000002252bbf2e18]
Event: 19.043 Thread 0x000002254791c800  902       3       java.nio.ByteBuffer::arrayOffset (35 bytes)

GC Heap History (0 events):
No events

Deoptimization events (20 events):
Event: 0.483 Thread 0x0000022522d0b000 DEOPT PACKING pc=0x0000022532f82e78 sp=0x0000005e5b5f97d0
Event: 0.483 Thread 0x0000022522d0b000 DEOPT UNPACKING pc=0x000002252b4b85af sp=0x0000005e5b5f9760 mode 2
Event: 0.569 Thread 0x0000022522d0b000 Uncommon trap: trap_request=0xffffff4d fr.pc=0x0000022532f86014 relative=0x0000000000000074
Event: 0.569 Thread 0x0000022522d0b000 Uncommon trap: reason=unstable_if action=reinterpret pc=0x0000022532f86014 method=java.lang.String.isLatin1()Z @ 10 c2
Event: 0.569 Thread 0x0000022522d0b000 DEOPT PACKING pc=0x0000022532f86014 sp=0x0000005e5b5feea0
Event: 0.569 Thread 0x0000022522d0b000 DEOPT UNPACKING pc=0x000002252b4b85af sp=0x0000005e5b5fede0 mode 2
Event: 0.786 Thread 0x0000022522d0b000 DEOPT PACKING pc=0x000002252ba98e68 sp=0x0000005e5b5fc780
Event: 0.786 Thread 0x0000022522d0b000 DEOPT UNPACKING pc=0x000002252b4f9d0e sp=0x0000005e5b5fbbd8 mode 0
Event: 1.271 Thread 0x0000022522d0b000 DEOPT PACKING pc=0x000002252baafb42 sp=0x0000005e5b5fc720
Event: 1.271 Thread 0x0000022522d0b000 DEOPT UNPACKING pc=0x000002252b4f9d0e sp=0x0000005e5b5fbb88 mode 0
Event: 1.273 Thread 0x0000022522d0b000 DEOPT PACKING pc=0x000002252ba97dff sp=0x0000005e5b5fe070
Event: 1.273 Thread 0x0000022522d0b000 DEOPT UNPACKING pc=0x000002252b4f9d0e sp=0x0000005e5b5fd4c0 mode 0
Event: 1.420 Thread 0x0000022522d0b000 Uncommon trap: trap_request=0xffffff4d fr.pc=0x0000022532f8e7cc relative=0x0000000000000ccc
Event: 1.420 Thread 0x0000022522d0b000 Uncommon trap: reason=unstable_if action=reinterpret pc=0x0000022532f8e7cc method=java.util.HashMap.putVal(ILjava/lang/Object;Ljava/lang/Object;ZZ)Ljava/lang/Object; @ 181 c2
Event: 1.420 Thread 0x0000022522d0b000 DEOPT PACKING pc=0x0000022532f8e7cc sp=0x0000005e5b5fe310
Event: 1.420 Thread 0x0000022522d0b000 DEOPT UNPACKING pc=0x000002252b4b85af sp=0x0000005e5b5fe2a0 mode 2
Event: 19.028 Thread 0x0000022522d0b000 Uncommon trap: trap_request=0xffffff4d fr.pc=0x0000022532fc75f4 relative=0x00000000000009d4
Event: 19.029 Thread 0x0000022522d0b000 Uncommon trap: reason=unstable_if action=reinterpret pc=0x0000022532fc75f4 method=net.java.games.input.IDirectInputDevice.checkReleased()V @ 4 c2
Event: 19.029 Thread 0x0000022522d0b000 DEOPT PACKING pc=0x0000022532fc75f4 sp=0x0000005e5b5ff1c0
Event: 19.029 Thread 0x0000022522d0b000 DEOPT UNPACKING pc=0x000002252b4b85af sp=0x0000005e5b5ff070 mode 2

Classes redefined (0 events):
No events

Internal exceptions (0 events):
No events

Events (20 events):
Event: 19.025 Executing VM operation: RevokeBias done
Event: 19.025 loading class java/util/IdentityHashMap$KeyIterator
Event: 19.025 loading class java/util/IdentityHashMap$IdentityHashMapIterator
Event: 19.025 loading class java/util/IdentityHashMap$IdentityHashMapIterator done
Event: 19.025 loading class java/util/IdentityHashMap$KeyIterator done
Event: 19.026 Thread 0x0000022547b85800 Thread added: 0x0000022547b85800
Event: 19.026 Thread 0x0000022547a96800 Thread added: 0x0000022547a96800
Event: 19.027 Executing VM operation: RevokeBias
Event: 19.027 Executing VM operation: RevokeBias done
Event: 19.028 Executing VM operation: RevokeBias
Event: 19.028 Executing VM operation: RevokeBias done
Event: 19.028 Executing VM operation: RevokeBias
Event: 19.028 Executing VM operation: RevokeBias done
Event: 19.028 Executing VM operation: RevokeBias
Event: 19.028 Executing VM operation: RevokeBias done
Event: 19.028 Executing VM operation: RevokeBias
Event: 19.028 Executing VM operation: RevokeBias done
Event: 19.029 Thread 0x0000022547a96800 Thread exited: 0x0000022547a96800
Event: 19.043 Thread 0x0000022547b85800 Thread exited: 0x0000022547b85800
Event: 19.044 Executing VM operation: Exit


Dynamic libraries:
0x00007ff7a75d0000 - 0x00007ff7a75dd000 	C:\Users\Nate\.jdks\corretto-11.0.17\bin\java.exe
0x00007ffce5b70000 - 0x00007ffce5d68000 	C:\Windows\SYSTEM32\ntdll.dll
0x00007ffce4f80000 - 0x00007ffce503f000 	C:\Windows\System32\KERNEL32.DLL
0x00007ffce3550000 - 0x00007ffce3822000 	C:\Windows\System32\KERNELBASE.dll
0x00007ffce3830000 - 0x00007ffce3930000 	C:\Windows\System32\ucrtbase.dll
0x00007ffcde810000 - 0x00007ffcde827000 	C:\Users\Nate\.jdks\corretto-11.0.17\bin\jli.dll
0x00007ffcdea00000 - 0x00007ffcdea19000 	C:\Users\Nate\.jdks\corretto-11.0.17\bin\VCRUNTIME140.dll
0x00007ffce45e0000 - 0x00007ffce477d000 	C:\Windows\System32\USER32.dll
0x00007ffce3370000 - 0x00007ffce3392000 	C:\Windows\System32\win32u.dll
0x00007ffce4e70000 - 0x00007ffce4e9b000 	C:\Windows\System32\GDI32.dll
0x00007ffce3440000 - 0x00007ffce354f000 	C:\Windows\System32\gdi32full.dll
0x00007ffccac10000 - 0x00007ffccaeaa000 	C:\Windows\WinSxS\amd64_microsoft.windows.common-controls_6595b64144ccf1df_6.0.19041.1110_none_60b5254171f9507e\COMCTL32.dll
0x00007ffce33a0000 - 0x00007ffce343d000 	C:\Windows\System32\msvcp_win.dll
0x00007ffce4c20000 - 0x00007ffce4cbe000 	C:\Windows\System32\msvcrt.dll
0x00007ffce4130000 - 0x00007ffce4162000 	C:\Windows\System32\IMM32.DLL
0x00007ffcc73f0000 - 0x00007ffcc748b000 	C:\Users\Nate\.jdks\corretto-11.0.17\bin\msvcp140.dll
0x00007ffca6380000 - 0x00007ffca6f05000 	C:\Users\Nate\.jdks\corretto-11.0.17\bin\server\jvm.dll
0x00007ffce4d30000 - 0x00007ffce4dde000 	C:\Windows\System32\ADVAPI32.dll
0x00007ffce4a40000 - 0x00007ffce4adc000 	C:\Windows\System32\sechost.dll
0x00007ffce4910000 - 0x00007ffce4a35000 	C:\Windows\System32\RPCRT4.dll
0x00007ffce4c10000 - 0x00007ffce4c18000 	C:\Windows\System32\PSAPI.DLL
0x00007ffcbdaf0000 - 0x00007ffcbdaf9000 	C:\Windows\SYSTEM32\WSOCK32.dll
0x00007ffce4cc0000 - 0x00007ffce4d2b000 	C:\Windows\System32\WS2_32.dll
0x00007ffcb97f0000 - 0x00007ffcb9817000 	C:\Windows\SYSTEM32\WINMM.dll
0x00007ffcd95c0000 - 0x00007ffcd95ca000 	C:\Windows\SYSTEM32\VERSION.dll
0x00007ffce1ac0000 - 0x00007ffce1ad2000 	C:\Windows\SYSTEM32\kernel.appcore.dll
0x00007ffcdf460000 - 0x00007ffcdf470000 	C:\Users\Nate\.jdks\corretto-11.0.17\bin\verify.dll
0x00007ffce0e50000 - 0x00007ffce1034000 	C:\Windows\SYSTEM32\DBGHELP.DLL
0x00007ffcc74c0000 - 0x00007ffcc74ec000 	C:\Windows\SYSTEM32\dbgcore.DLL
0x00007ffce39d0000 - 0x00007ffce3a52000 	C:\Windows\System32\bcryptPrimitives.dll
0x00007ffcde7e0000 - 0x00007ffcde808000 	C:\Users\Nate\.jdks\corretto-11.0.17\bin\java.dll
0x00007ffcde670000 - 0x00007ffcde67a000 	C:\Users\Nate\.jdks\corretto-11.0.17\bin\jimage.dll
0x00007ffcd4860000 - 0x00007ffcd486e000 	C:\Users\Nate\.jdks\corretto-11.0.17\bin\instrument.dll
0x00007ffcd9fe0000 - 0x00007ffcd9ff8000 	C:\Users\Nate\.jdks\corretto-11.0.17\bin\zip.dll
0x00007ffce5040000 - 0x00007ffce5783000 	C:\Windows\System32\SHELL32.dll
0x00007ffce1310000 - 0x00007ffce1aa2000 	C:\Windows\SYSTEM32\windows.storage.dll
0x00007ffce3dd0000 - 0x00007ffce4124000 	C:\Windows\System32\combase.dll
0x00007ffce2cd0000 - 0x00007ffce2d00000 	C:\Windows\SYSTEM32\Wldp.dll
0x00007ffce5a80000 - 0x00007ffce5b2d000 	C:\Windows\System32\SHCORE.dll
0x00007ffce59a0000 - 0x00007ffce59f5000 	C:\Windows\System32\shlwapi.dll
0x00007ffce31b0000 - 0x00007ffce31cf000 	C:\Windows\SYSTEM32\profapi.dll
0x00007ffcd3290000 - 0x00007ffcd32a9000 	C:\Users\Nate\.jdks\corretto-11.0.17\bin\net.dll
0x00007ffcdd060000 - 0x00007ffcdd16c000 	C:\Windows\SYSTEM32\WINHTTP.dll
0x00007ffce2a30000 - 0x00007ffce2a9a000 	C:\Windows\system32\mswsock.dll
0x00007ffcd0560000 - 0x00007ffcd0573000 	C:\Users\Nate\.jdks\corretto-11.0.17\bin\nio.dll
0x00007ffcca950000 - 0x00007ffcca96a000 	C:\Program Files\JetBrains\IntelliJ IDEA Community Edition 2022.2.1\bin\breakgen64.dll
0x0000000180000000 - 0x0000000180053000 	C:\Users\Nate\IdeaProjects\JavaGames\native\lwjgl64.dll
0x00007ffc9fe90000 - 0x00007ffc9ffb5000 	C:\Windows\SYSTEM32\OPENGL32.dll
0x00007ffca2b20000 - 0x00007ffca2b4c000 	C:\Windows\SYSTEM32\GLU32.dll
0x00007ffcdcca0000 - 0x00007ffcdcd4e000 	C:\Windows\SYSTEM32\mscms.dll
0x00007ffcdcc80000 - 0x00007ffcdcc91000 	C:\Windows\SYSTEM32\ColorAdapterClient.dll
0x00007ffce3130000 - 0x00007ffce315e000 	C:\Windows\SYSTEM32\USERENV.dll
0x00007ffce4eb0000 - 0x00007ffce4f7d000 	C:\Windows\System32\OLEAUT32.dll
0x00007ffce4780000 - 0x00007ffce482f000 	C:\Windows\System32\clbcatq.dll
0x00007ffcd9f00000 - 0x00007ffcd9f43000 	C:\Windows\System32\Windows.Internal.Graphics.Display.DisplayColorManagement.dll
0x00007ffce3270000 - 0x00007ffce32be000 	C:\Windows\System32\cfgmgr32.dll
0x00007ffce0820000 - 0x00007ffce08be000 	C:\Windows\system32\uxtheme.dll
0x00007ffce5790000 - 0x00007ffce58a5000 	C:\Windows\System32\MSCTF.dll
0x00007ffcdae60000 - 0x00007ffcdaf57000 	C:\Windows\System32\AppXDeploymentClient.dll
0x00007ffca52d0000 - 0x00007ffca6380000 	C:\Windows\System32\DriverStore\FileRepository\iigd_dch.inf_amd64_52ff91cf914e6a60\igxelpicd64.dll
0x00007ffce4ae0000 - 0x00007ffce4c0a000 	C:\Windows\System32\ole32.dll
0x00007ffce0940000 - 0x00007ffce096f000 	C:\Windows\system32\dwmapi.dll
0x00007ffce1b30000 - 0x00007ffce1c23000 	C:\Windows\system32\dxgi.dll
0x00007ffcb5d70000 - 0x00007ffcb5e95000 	C:\Windows\System32\DriverStore\FileRepository\iigd_dch.inf_amd64_52ff91cf914e6a60\igdml64.dll
0x00007ffcd41b0000 - 0x00007ffcd45c2000 	C:\Windows\System32\DriverStore\FileRepository\iigd_dch.inf_amd64_52ff91cf914e6a60\igdgmm64.dll
0x00007ffce39a0000 - 0x00007ffce39c7000 	C:\Windows\System32\bcrypt.dll
0x00007ffcd2da0000 - 0x00007ffcd2e99000 	C:\Windows\SYSTEM32\textinputframework.dll
0x00007ffcdfc30000 - 0x00007ffcdff8e000 	C:\Windows\System32\CoreUIComponents.dll
0x00007ffce0310000 - 0x00007ffce0402000 	C:\Windows\System32\CoreMessaging.dll
0x00007ffce2400000 - 0x00007ffce2433000 	C:\Windows\SYSTEM32\ntmarta.dll
0x00007ffcdeb70000 - 0x00007ffcdecc4000 	C:\Windows\SYSTEM32\wintypes.dll
0x00007ffcb9930000 - 0x00007ffcb9973000 	C:\Windows\SYSTEM32\icm32.dll
0x00007ffccb850000 - 0x00007ffccfca0000 	C:\Windows\System32\DriverStore\FileRepository\iigd_dch.inf_amd64_52ff91cf914e6a60\igc64.dll
0x00007ffce2840000 - 0x00007ffce288b000 	C:\Windows\SYSTEM32\powrprof.dll
0x00007ffce26b0000 - 0x00007ffce26c2000 	C:\Windows\SYSTEM32\UMPDC.dll
0x00007ffcafbe0000 - 0x00007ffcafd7a000 	C:\Users\Nate\.jdks\corretto-11.0.17\bin\awt.dll
0x00007ffce0650000 - 0x00007ffce06e1000 	C:\Windows\SYSTEM32\apphelp.dll
0x0000022550e30000 - 0x0000022550e46000 	C:\Users\Nate\IdeaProjects\JavaGames\native\jinput-dx8_64.dll
0x00007ffcc73a0000 - 0x00007ffcc73e5000 	C:\Windows\SYSTEM32\DINPUT8.dll
0x00007ffcd2c40000 - 0x00007ffcd2d92000 	C:\Windows\SYSTEM32\inputhost.dll
0x00007ffcde8a0000 - 0x00007ffcde996000 	C:\Windows\SYSTEM32\PROPSYS.dll
0x00007ffce1ab0000 - 0x00007ffce1abd000 	C:\Windows\SYSTEM32\HID.DLL
0x00007ffce4170000 - 0x00007ffce45d8000 	C:\Windows\System32\SETUPAPI.DLL
0x00007ffce3020000 - 0x00007ffce304c000 	C:\Windows\SYSTEM32\DEVOBJ.dll
0x00007ffce3930000 - 0x00007ffce399a000 	C:\Windows\System32\WINTRUST.dll
0x00007ffce3a60000 - 0x00007ffce3bb6000 	C:\Windows\System32\CRYPT32.dll
0x00007ffce2e60000 - 0x00007ffce2e72000 	C:\Windows\SYSTEM32\MSASN1.dll
0x00000225517c0000 - 0x00000225517d4000 	C:\Users\Nate\IdeaProjects\JavaGames\native\jinput-raw_64.dll

dbghelp: loaded successfully - version: 4.0.5 - missing functions: none
symbol engine: initialized successfully - sym options: 0x614 - pdb path: .;C:\Users\Nate\.jdks\corretto-11.0.17\bin;C:\Windows\SYSTEM32;C:\Windows\WinSxS\amd64_microsoft.windows.common-controls_6595b64144ccf1df_6.0.19041.1110_none_60b5254171f9507e;C:\Users\Nate\.jdks\corretto-11.0.17\bin\server;C:\Program Files\JetBrains\IntelliJ IDEA Community Edition 2022.2.1\bin;C:\Users\Nate\IdeaProjects\JavaGames\native;C:\Windows\System32\DriverStore\FileRepository\iigd_dch.inf_amd64_52ff91cf914e6a60

VM Arguments:
jvm_args: -Djava.library.path=C:\Users\Nate\IdeaProjects\JavaGames\native -javaagent:C:\Program Files\JetBrains\IntelliJ IDEA Community Edition 2022.2.1\lib\idea_rt.jar=57901:C:\Program Files\JetBrains\IntelliJ IDEA Community Edition 2022.2.1\bin -Dfile.encoding=UTF-8 
java_command: at.gna.games.FlappyBird.Flappy
java_class_path (initial): C:\Users\Nate\IdeaProjects\JavaGames\out\production\Slick2DTemplate;C:\Users\Nate\IdeaProjects\JavaGames\lib\jogg-0.0.7.jar;C:\Users\Nate\IdeaProjects\JavaGames\lib\jnlp.jar;C:\Users\Nate\IdeaProjects\JavaGames\lib\natives-mac.jar;C:\Users\Nate\IdeaProjects\JavaGames\lib\ibxm.jar;C:\Users\Nate\IdeaProjects\JavaGames\lib\slick.jar;C:\Users\Nate\IdeaProjects\JavaGames\lib\lwjgl_util.jar;C:\Users\Nate\IdeaProjects\JavaGames\lib\natives-windows.jar;C:\Users\Nate\IdeaProjects\JavaGames\lib\tinylinepp.jar;C:\Users\Nate\IdeaProjects\JavaGames\lib\slick-examples.jar;C:\Users\Nate\IdeaProjects\JavaGames\lib\jinput.jar;C:\Users\Nate\IdeaProjects\JavaGames\lib\lwjgl.jar;C:\Users\Nate\IdeaProjects\JavaGames\lib\jorbis-0.0.15.jar;C:\Users\Nate\IdeaProjects\JavaGames\lib\lwjgl_util_applet.jar;C:\Users\Nate\IdeaProjects\JavaGames\lib\natives-linux.jar
Launcher Type: SUN_STANDARD

[Global flags]
     intx CICompilerCount                          = 4                                         {product} {ergonomic}
     uint ConcGCThreads                            = 2                                         {product} {ergonomic}
     uint G1ConcRefinementThreads                  = 8                                         {product} {ergonomic}
   size_t G1HeapRegionSize                         = 1048576                                   {product} {ergonomic}
    uintx GCDrainStackTargetSize                   = 64                                        {product} {ergonomic}
   size_t InitialHeapSize                          = 264241152                                 {product} {ergonomic}
   size_t MarkStackSize                            = 4194304                                   {product} {ergonomic}
   size_t MaxHeapSize                              = 4221566976                                {product} {ergonomic}
   size_t MaxNewSize                               = 2532311040                                {product} {ergonomic}
   size_t MinHeapDeltaBytes                        = 1048576                                   {product} {ergonomic}
    uintx NonNMethodCodeHeapSize                   = 5836300                                {pd product} {ergonomic}
    uintx NonProfiledCodeHeapSize                  = 122910970                              {pd product} {ergonomic}
    uintx ProfiledCodeHeapSize                     = 122910970                              {pd product} {ergonomic}
    uintx ReservedCodeCacheSize                    = 251658240                              {pd product} {ergonomic}
     bool SegmentedCodeCache                       = true                                      {product} {ergonomic}
     bool UseCompressedClassPointers               = true                                 {lp64_product} {ergonomic}
     bool UseCompressedOops                        = true                                 {lp64_product} {ergonomic}
     bool UseG1GC                                  = true                                      {product} {ergonomic}
     bool UseLargePagesIndividualAllocation        = false                                  {pd product} {ergonomic}

Logging:
Log output configuration:
 #0: stdout all=warning uptime,level,tags
 #1: stderr all=off uptime,level,tags

Environment Variables:
PATH=C:\Program Files (x86)\VMware\VMware Player\bin\;C:\Program Files (x86)\Common Files\Oracle\Java\javapath;C:\Program Files (x86)\NVIDIA Corporation\PhysX\Common;C:\Windows\system32;C:\Windows;C:\Windows\System32\Wbem;C:\Windows\System32\WindowsPowerShell\v1.0\;C:\Windows\System32\OpenSSH\;C:\Program Files\dotnet\;C:\Program Files\Git\cmd;C:\Users\Nate\AppData\Local\Microsoft\WindowsApps;C:\Users\Nate\AppData\Local\Programs\Microsoft VS Code\bin;C:\Users\Nate\.dotnet\tools;C:\Users\Nate\AppData\Local\GitHubDesktop\bin
USERNAME=Nate
OS=Windows_NT
PROCESSOR_IDENTIFIER=Intel64 Family 6 Model 140 Stepping 1, GenuineIntel
TMP=C:\Users\Nate\AppData\Local\Temp
TEMP=C:\Users\Nate\AppData\Local\Temp



---------------  S Y S T E M  ---------------

OS: Windows 10 , 64 bit Build 19041 (10.0.19041.2251)
OS uptime: 1 days 3:40 hours

CPU:total 8 (initial active 8) (4 cores per cpu, 2 threads per core) family 6 model 140 stepping 1 microcode 0xa4, cmov, cx8, fxsr, mmx, sse, sse2, sse3, ssse3, sse4.1, sse4.2, popcnt, avx, avx2, aes, clmul, erms, 3dnowpref, lzcnt, ht, tsc, tscinvbit, bmi1, bmi2, adx, evex, sha, fma

Memory: 4k page, system-wide physical 16103M (8923M free)
TotalPageFile size 18535M (AvailPageFile size 7584M)
current process WorkingSet (physical memory assigned to process): 143M, peak: 154M
current process commit charge ("private bytes"): 400M, peak: 412M

vm_info: OpenJDK 64-Bit Server VM (11.0.17+8-LTS) for windows-amd64 JRE (11.0.17+8-LTS), built on Oct 14 2022 18:02:01 by "Administrator" with MS VC++ 15.9 (VS2017)

END.
